www.itstaredu.com	EEH6Y21245GHI899OFG4V9U567	2018-08-07 10:40:49
www.itstaredu.com	VVVYH6Y4V4SFXZWWEQRQWEQ	2018-08-07 08:40:50
www.itstaredu.com	BBYH61456DEL89RG5VV9UYU7	2018-08-07 10:40:49
www.itstaredu.com	EEH6Y21245GHI899OFG4V9U567	2018-08-07 09:40:49
www.itstaredu.com	CCYH6Y4V4SCVXTG6DPB4VH9U123	2018-08-07 10:40:49
www.itstaredu.com	CCYH6Y4V4SCVXTG6DPB4VH9U123	2018-08-07 12:40:49
www.itstaredu.com	VVVYH6Y4V4SFXZWWEQRQWEQ	2018-08-07 08:40:52
www.itstaredu.com	CCYH6Y4V4SCVXTG6DPB4VH9U123	2018-08-07 08:40:50
www.itstaredu.com	VVVYH6Y4V4SFXZWWEQRQWEQ	2018-08-07 09:40:49
www.itstaredu.com	VVVYH6Y4V4SFXZWWEQRQWEQ	2018-08-07 08:40:52
www.itstaredu.com	HUNTERH6YCGFJYERTT834R52FDXV9U34	2018-08-07 08:40:51
www.itstaredu.com	EEH6Y21245GHI899OFG4V9U567	2018-08-07 11:40:49
www.itstaredu.com	EEH6Y21245GHI899OFG4V9U567	2018-08-07 08:40:51
www.itstaredu.com	BBYH61456DEL89RG5VV9UYU7	2018-08-07 12:40:49
www.itstaredu.com	BBYH61456DEL89RG5VV9UYU7	2018-08-07 12:40:49
www.itstaredu.com	BBYH61456DEL89RG5VV9UYU7	2018-08-07 08:40:53
www.itstaredu.com	BBYH61456DEL89RG5VV9UYU7	2018-08-07 08:40:52
www.itstaredu.com	VVVYH6Y4V4SFXZWWEQRQWEQ	2018-08-07 11:40:49
www.itstaredu.com	VVVYH6Y4V4SFXZWWEQRQWEQ	2018-08-07 08:40:53
www.itstaredu.com	BBYH61456DEL89RG5VV9UYU7	2018-08-07 08:40:52
www.itstaredu.com	VVVYH6Y4V4SFXZWWEQRQWEQ	2018-08-07 08:40:50
www.itstaredu.com	VVVYH6Y4V4SFXZWWEQRQWEQ	2018-08-07 08:40:52
www.itstaredu.com	CCYH6Y4V4SCVXTG6DPB4VH9U123	2018-08-07 10:40:49
www.itstaredu.com	EEH6Y21245GHI899OFG4V9U567	2018-08-07 11:40:49
www.itstaredu.com	CCYH6Y4V4SCVXTG6DPB4VH9U123	2018-08-07 08:40:52
www.itstaredu.com	BBYH61456DEL89RG5VV9UYU7	2018-08-07 12:40:49
www.itstaredu.com	BBYH61456DEL89RG5VV9UYU7	2018-08-07 08:40:52
www.itstaredu.com	VVVYH6Y4V4SFXZWWEQRQWEQ	2018-08-07 09:40:49
www.itstaredu.com	CCYH6Y4V4SCVXTG6DPB4VH9U123	2018-08-07 12:40:49
www.itstaredu.com	VVVYH6Y4V4SFXZWWEQRQWEQ	2018-08-07 12:40:49
www.itstaredu.com	CCYH6Y4V4SCVXTG6DPB4VH9U123	2018-08-07 12:40:49
www.itstaredu.com	VVVYH6Y4V4SFXZWWEQRQWEQ	2018-08-07 08:40:52
www.itstaredu.com	BBYH61456DEL89RG5VV9UYU7	2018-08-07 08:40:52
www.itstaredu.com	BBYH61456DEL89RG5VV9UYU7	2018-08-07 08:40:52
www.itstaredu.com	BBYH61456DEL89RG5VV9UYU7	2018-08-07 08:40:51
www.itstaredu.com	BBYH61456DEL89RG5VV9UYU7	2018-08-07 08:40:50
www.itstaredu.com	VVVYH6Y4V4SFXZWWEQRQWEQ	2018-08-07 11:40:49
www.itstaredu.com	EEH6Y21245GHI899OFG4V9U567	2018-08-07 08:40:53
www.itstaredu.com	BBYH61456DEL89RG5VV9UYU7	2018-08-07 08:40:50
www.itstaredu.com	CCYH6Y4V4SCVXTG6DPB4VH9U123	2018-08-07 09:40:49
www.itstaredu.com	HUNTERH6YCGFJYERTT834R52FDXV9U34	2018-08-07 08:40:50
www.itstaredu.com	CCYH6Y4V4SCVXTG6DPB4VH9U123	2018-08-07 10:40:49
www.itstaredu.com	EEH6Y21245GHI899OFG4V9U567	2018-08-07 08:40:53
www.itstaredu.com	BBYH61456DEL89RG5VV9UYU7	2018-08-07 12:40:49
www.itstaredu.com	EEH6Y21245GHI899OFG4V9U567	2018-08-07 08:40:51
www.itstaredu.com	EEH6Y21245GHI899OFG4V9U567	2018-08-07 10:40:49
www.itstaredu.com	HUNTERH6YCGFJYERTT834R52FDXV9U34	2018-08-07 08:40:53
www.itstaredu.com	BBYH61456DEL89RG5VV9UYU7	2018-08-07 08:40:50
www.itstaredu.com	EEH6Y21245GHI899OFG4V9U567	2018-08-07 08:40:53
www.itstaredu.com	VVVYH6Y4V4SFXZWWEQRQWEQ	2018-08-07 10:40:49
www.itstaredu.com	HUNTERH6YCGFJYERTT834R52FDXV9U34	2018-08-07 08:40:50
www.itstaredu.com	CCYH6Y4V4SCVXTG6DPB4VH9U123	2018-08-07 10:40:49
www.itstaredu.com	EEH6Y21245GHI899OFG4V9U567	2018-08-07 08:40:53
www.itstaredu.com	BBYH61456DEL89RG5VV9UYU7	2018-08-07 12:40:49
www.itstaredu.com	EEH6Y21245GHI899OFG4V9U567	2018-08-07 08:40:51
www.itstaredu.com	EEH6Y21245GHI899OFG4V9U567	2018-08-07 10:40:49
www.itstaredu.com	HUNTERH6YCGFJYERTT834R52FDXV9U34	2018-08-07 08:40:53
www.itstaredu.com	BBYH61456DEL89RG5VV9UYU7	2018-08-07 08:40:50
www.itstaredu.com	EEH6Y21245GHI899OFG4V9U567	2018-08-07 08:40:53
www.itstaredu.com	VVVYH6Y4V4SFXZWWEQRQWEQ	2018-08-07 10:40:49
www.itstaredu.com	EEH6Y21245GHI899OFG4V9U567	2018-08-07 08:40:53
www.itstaredu.com	VVVYH6Y4V4SFXZWWEQRQWEQ	2018-08-07 10:40:49
www.itstaredu.com	HUNTERH6YCGFJYERTT834R52FDXV9U34	2018-08-07 08:40:50
www.itstaredu.com	CCYH6Y4V4SCVXTG6DPB4VH9U123	2018-08-07 10:40:49
www.itstaredu.com	EEH6Y21245GHI899OFG4V9U567	2018-08-07 08:40:53
www.itstaredu.com	BBYH61456DEL89RG5VV9UYU7	2018-08-07 12:40:49
www.itstaredu.com	EEH6Y21245GHI899OFG4V9U567	2018-08-07 08:40:51
www.itstaredu.com	EEH6Y21245GHI899OFG4V9U567	2018-08-07 10:40:49
www.itstaredu.com	HUNTERH6YCGFJYERTT834R52FDXV9U34	2018-08-07 08:40:53
www.itstaredu.com	BBYH61456DEL89RG5VV9UYU7	2018-08-07 08:40:50
www.itstaredu.com	EEH6Y21245GHI899OFG4V9U567	2018-08-07 08:40:53
www.itstaredu.com	VVVYH6Y4V4SFXZWWEQRQWEQ	2018-08-07 10:40:49
www.itstaredu.com	EEH6Y21245GHI899OFG4V9U567	2018-08-07 08:40:53
www.itstaredu.com	BBYH61456DEL89RG5VV9UYU7	2018-08-07 12:40:49
www.itstaredu.com	EEH6Y21245GHI899OFG4V9U567	2018-08-07 08:40:51
www.itstaredu.com	EEH6Y21245GHI899OFG4V9U567	2018-08-07 10:40:49
www.itstaredu.com	HUNTERH6YCGFJYERTT834R52FDXV9U34	2018-08-07 08:40:53
www.itstaredu.com	BBYH61456DEL89RG5VV9UYU7	2018-08-07 08:40:50
www.itstaredu.com	EEH6Y21245GHI899OFG4V9U567	2018-08-07 08:40:53
www.itstaredu.com	VVVYH6Y4V4SFXZWWEQRQWEQ	2018-08-07 10:40:49
www.itstaredu.com	EEH6Y21245GHI899OFG4V9U567	2018-08-07 08:40:53
www.itstaredu.com	VVVYH6Y4V4SFXZWWEQRQWEQ	2018-08-07 10:40:49
www.itstaredu.com	HUNTERH6YCGFJYERTT834R52FDXV9U34	2018-08-07 08:40:50
www.itstaredu.com	CCYH6Y4V4SCVXTG6DPB4VH9U123	2018-08-07 10:40:49
www.itstaredu.com	EEH6Y21245GHI899OFG4V9U567	2018-08-07 08:40:53
www.itstaredu.com	BBYH61456DEL89RG5VV9UYU7	2018-08-07 12:40:49
www.itstaredu.com	EEH6Y21245GHI899OFG4V9U567	2018-08-07 08:40:51
www.itstaredu.com	EEH6Y21245GHI899OFG4V9U567	2018-08-07 10:40:49
www.itstaredu.com	HUNTERH6YCGFJYERTT834R52FDXV9U34	2018-08-07 08:40:53
www.itstaredu.com	BBYH61456DEL89RG5VV9UYU7	2018-08-07 08:40:50
www.itstaredu.com	EEH6Y21245GHI899OFG4V9U567	2018-08-07 08:40:53
www.itstaredu.com	VVVYH6Y4V4SFXZWWEQRQWEQ	2018-08-07 10:40:49
www.itstaredu.com	EEH6Y21245GHI899OFG4V9U567	2018-08-07 08:40:53
www.itstaredu.com	BBYH61456DEL89RG5VV9UYU7	2018-08-07 12:40:49
www.itstaredu.com	EEH6Y21245GHI899OFG4V9U567	2018-08-07 08:40:51
www.itstaredu.com	EEH6Y21245GHI899OFG4V9U567	2018-08-07 10:40:49
www.itstaredu.com	HUNTERH6YCGFJYERTT834R52FDXV9U34	2018-08-07 08:40:53
www.itstaredu.com	BBYH61456DEL89RG5VV9UYU7	2018-08-07 08:40:50
www.itstaredu.com	EEH6Y21245GHI899OFG4V9U567	2018-08-07 08:40:53
www.itstaredu.com	VVVYH6Y4V4SFXZWWEQRQWEQ	2018-08-07 10:40:49
www.itstaredu.com	EEH6Y21245GHI899OFG4V9U567	2018-08-07 08:40:53
www.itstaredu.com	VVVYH6Y4V4SFXZWWEQRQWEQ	2018-08-07 10:40:49
www.itstaredu.com	HUNTERH6YCGFJYERTT834R52FDXV9U34	2018-08-07 08:40:50
www.itstaredu.com	CCYH6Y4V4SCVXTG6DPB4VH9U123	2018-08-07 10:40:49
www.itstaredu.com	EEH6Y21245GHI899OFG4V9U567	2018-08-07 08:40:53
www.itstaredu.com	BBYH61456DEL89RG5VV9UYU7	2018-08-07 12:40:49
www.itstaredu.com	EEH6Y21245GHI899OFG4V9U567	2018-08-07 08:40:51
www.itstaredu.com	EEH6Y21245GHI899OFG4V9U567	2018-08-07 10:40:49
www.itstaredu.com	HUNTERH6YCGFJYERTT834R52FDXV9U34	2018-08-07 08:40:53
www.itstaredu.com	BBYH61456DEL89RG5VV9UYU7	2018-08-07 08:40:50
www.itstaredu.com	EEH6Y21245GHI899OFG4V9U567	2018-08-07 08:40:53
www.itstaredu.com	VVVYH6Y4V4SFXZWWEQRQWEQ	2018-08-07 10:40:49
www.itstaredu.com	EEH6Y21245GHI899OFG4V9U567	2018-08-07 08:40:53
www.itstaredu.com	BBYH61456DEL89RG5VV9UYU7	2018-08-07 12:40:49
www.itstaredu.com	EEH6Y21245GHI899OFG4V9U567	2018-08-07 08:40:51
www.itstaredu.com	EEH6Y21245GHI899OFG4V9U567	2018-08-07 10:40:49
www.itstaredu.com	HUNTERH6YCGFJYERTT834R52FDXV9U34	2018-08-07 08:40:53
www.itstaredu.com	BBYH61456DEL89RG5VV9UYU7	2018-08-07 08:40:50
www.itstaredu.com	EEH6Y21245GHI899OFG4V9U567	2018-08-07 08:40:53
www.itstaredu.com	VVVYH6Y4V4SFXZWWEQRQWEQ	2018-08-07 10:40:49
www.itstaredu.com	EEH6Y21245GHI899OFG4V9U567	2018-08-07 08:40:53
www.itstaredu.com	VVVYH6Y4V4SFXZWWEQRQWEQ	2018-08-07 10:40:49
www.itstaredu.com	HUNTERH6YCGFJYERTT834R52FDXV9U34	2018-08-07 08:40:50
www.itstaredu.com	CCYH6Y4V4SCVXTG6DPB4VH9U123	2018-08-07 10:40:49
www.itstaredu.com	EEH6Y21245GHI899OFG4V9U567	2018-08-07 08:40:53
www.itstaredu.com	BBYH61456DEL89RG5VV9UYU7	2018-08-07 12:40:49
www.itstaredu.com	EEH6Y21245GHI899OFG4V9U567	2018-08-07 08:40:51
www.itstaredu.com	EEH6Y21245GHI899OFG4V9U567	2018-08-07 10:40:49
www.itstaredu.com	HUNTERH6YCGFJYERTT834R52FDXV9U34	2018-08-07 08:40:53
www.itstaredu.com	BBYH61456DEL89RG5VV9UYU7	2018-08-07 08:40:50
www.itstaredu.com	EEH6Y21245GHI899OFG4V9U567	2018-08-07 08:40:53
www.itstaredu.com	VVVYH6Y4V4SFXZWWEQRQWEQ	2018-08-07 10:40:49
www.itstaredu.com	EEH6Y21245GHI899OFG4V9U567	2018-08-07 08:40:53
www.itstaredu.com	BBYH61456DEL89RG5VV9UYU7	2018-08-07 12:40:49
www.itstaredu.com	EEH6Y21245GHI899OFG4V9U567	2018-08-07 08:40:51
www.itstaredu.com	EEH6Y21245GHI899OFG4V9U567	2018-08-07 10:40:49
www.itstaredu.com	HUNTERH6YCGFJYERTT834R52FDXV9U34	2018-08-07 08:40:53
www.itstaredu.com	BBYH61456DEL89RG5VV9UYU7	2018-08-07 08:40:50
www.itstaredu.com	EEH6Y21245GHI899OFG4V9U567	2018-08-07 08:40:53
www.itstaredu.com	VVVYH6Y4V4SFXZWWEQRQWEQ	2018-08-07 10:40:49
www.itstaredu.com	EEH6Y21245GHI899OFG4V9U567	2018-08-07 08:40:53
www.itstaredu.com	VVVYH6Y4V4SFXZWWEQRQWEQ	2018-08-07 10:40:49
www.itstaredu.com	HUNTERH6YCGFJYERTT834R52FDXV9U34	2018-08-07 08:40:50
www.itstaredu.com	CCYH6Y4V4SCVXTG6DPB4VH9U123	2018-08-07 10:40:49
www.itstaredu.com	EEH6Y21245GHI899OFG4V9U567	2018-08-07 08:40:53
www.itstaredu.com	BBYH61456DEL89RG5VV9UYU7	2018-08-07 12:40:49
www.itstaredu.com	EEH6Y21245GHI899OFG4V9U567	2018-08-07 08:40:51
www.itstaredu.com	EEH6Y21245GHI899OFG4V9U567	2018-08-07 10:40:49
www.itstaredu.com	HUNTERH6YCGFJYERTT834R52FDXV9U34	2018-08-07 08:40:53
www.itstaredu.com	BBYH61456DEL89RG5VV9UYU7	2018-08-07 08:40:50
www.itstaredu.com	EEH6Y21245GHI899OFG4V9U567	2018-08-07 08:40:53
www.itstaredu.com	VVVYH6Y4V4SFXZWWEQRQWEQ	2018-08-07 10:40:49
www.itstaredu.com	CCYH6Y4V4SCVXTG6DPB4VH9U123	2018-08-07 10:40:49
www.itstaredu.com	EEH6Y21245GHI899OFG4V9U567	2018-08-07 08:40:53
www.itstaredu.com	BBYH61456DEL89RG5VV9UYU7	2018-08-07 12:40:49
www.itstaredu.com	EEH6Y21245GHI899OFG4V9U567	2018-08-07 08:40:51
www.itstaredu.com	EEH6Y21245GHI899OFG4V9U567	2018-08-07 10:40:49
www.itstaredu.com	HUNTERH6YCGFJYERTT834R52FDXV9U34	2018-08-07 08:40:53
www.itstaredu.com	BBYH61456DEL89RG5VV9UYU7	2018-08-07 08:40:50
www.itstaredu.com	EEH6Y21245GHI899OFG4V9U567	2018-08-07 08:40:53
www.itstaredu.com	VVVYH6Y4V4SFXZWWEQRQWEQ	2018-08-07 10:40:49
www.itstaredu.com	EEH6Y21245GHI899OFG4V9U567	2018-08-07 08:40:53
www.itstaredu.com	BBYH61456DEL89RG5VV9UYU7	2018-08-07 12:40:49
www.itstaredu.com	EEH6Y21245GHI899OFG4V9U567	2018-08-07 08:40:51
www.itstaredu.com	EEH6Y21245GHI899OFG4V9U567	2018-08-07 10:40:49
www.itstaredu.com	HUNTERH6YCGFJYERTT834R52FDXV9U34	2018-08-07 08:40:53
www.itstaredu.com	BBYH61456DEL89RG5VV9UYU7	2018-08-07 08:40:50
www.itstaredu.com	EEH6Y21245GHI899OFG4V9U567	2018-08-07 08:40:53
www.itstaredu.com	VVVYH6Y4V4SFXZWWEQRQWEQ	2018-08-07 10:40:49
www.itstaredu.com	EEH6Y21245GHI899OFG4V9U567	2018-08-07 08:40:53
www.itstaredu.com	VVVYH6Y4V4SFXZWWEQRQWEQ	2018-08-07 10:40:49
www.itstaredu.com	HUNTERH6YCGFJYERTT834R52FDXV9U34	2018-08-07 08:40:50
www.itstaredu.com	CCYH6Y4V4SCVXTG6DPB4VH9U123	2018-08-07 10:40:49
www.itstaredu.com	EEH6Y21245GHI899OFG4V9U567	2018-08-07 08:40:53
www.itstaredu.com	BBYH61456DEL89RG5VV9UYU7	2018-08-07 12:40:49
www.itstaredu.com	EEH6Y21245GHI899OFG4V9U567	2018-08-07 08:40:51
www.itstaredu.com	EEH6Y21245GHI899OFG4V9U567	2018-08-07 10:40:49
www.itstaredu.com	HUNTERH6YCGFJYERTT834R52FDXV9U34	2018-08-07 08:40:53
www.itstaredu.com	BBYH61456DEL89RG5VV9UYU7	2018-08-07 08:40:50
www.itstaredu.com	EEH6Y21245GHI899OFG4V9U567	2018-08-07 08:40:53
www.itstaredu.com	VVVYH6Y4V4SFXZWWEQRQWEQ	2018-08-07 10:40:49
www.itstaredu.com	CCYH6Y4V4SCVXTG6DPB4VH9U123	2018-08-07 10:40:49
www.itstaredu.com	EEH6Y21245GHI899OFG4V9U567	2018-08-07 08:40:53
www.itstaredu.com	BBYH61456DEL89RG5VV9UYU7	2018-08-07 12:40:49
www.itstaredu.com	EEH6Y21245GHI899OFG4V9U567	2018-08-07 08:40:51
www.itstaredu.com	EEH6Y21245GHI899OFG4V9U567	2018-08-07 10:40:49
www.itstaredu.com	HUNTERH6YCGFJYERTT834R52FDXV9U34	2018-08-07 08:40:53
www.itstaredu.com	BBYH61456DEL89RG5VV9UYU7	2018-08-07 08:40:50
www.itstaredu.com	EEH6Y21245GHI899OFG4V9U567	2018-08-07 08:40:53
www.itstaredu.com	VVVYH6Y4V4SFXZWWEQRQWEQ	2018-08-07 10:40:49
